f:\任务\质点弹道\vs21017\-datas-reading-and-fitting\读取数据及拟合\读取数据及拟合\release\读取数据及拟合.pch
f:\任务\质点弹道\vs21017\-datas-reading-and-fitting\读取数据及拟合\读取数据及拟合\release\vc141.pdb
f:\任务\质点弹道\vs21017\-datas-reading-and-fitting\读取数据及拟合\读取数据及拟合\release\pch.obj
f:\任务\质点弹道\vs21017\-datas-reading-and-fitting\读取数据及拟合\读取数据及拟合\release\读取数据及拟合.obj
f:\任务\质点弹道\vs21017\-datas-reading-and-fitting\读取数据及拟合\读取数据及拟合\release\readdatas.obj
f:\任务\质点弹道\vs21017\-datas-reading-and-fitting\读取数据及拟合\读取数据及拟合\release\obrwxml.obj
f:\任务\质点弹道\vs21017\-datas-reading-and-fitting\读取数据及拟合\读取数据及拟合\release\obcal.obj
f:\任务\质点弹道\vs21017\-datas-reading-and-fitting\读取数据及拟合\读取数据及拟合\release\leastsquare.obj
f:\任务\质点弹道\vs21017\-datas-reading-and-fitting\读取数据及拟合\release\读取数据及拟合.dll
f:\任务\质点弹道\vs21017\-datas-reading-and-fitting\读取数据及拟合\release\读取数据及拟合.pdb
f:\任务\质点弹道\vs21017\-datas-reading-and-fitting\读取数据及拟合\release\读取数据及拟合.lib
f:\任务\质点弹道\vs21017\-datas-reading-and-fitting\读取数据及拟合\release\读取数据及拟合.exp
f:\任务\质点弹道\vs21017\-datas-reading-and-fitting\读取数据及拟合\release\读取数据及拟合.ipdb
f:\任务\质点弹道\vs21017\-datas-reading-and-fitting\读取数据及拟合\release\读取数据及拟合.iobj
f:\任务\质点弹道\vs21017\-datas-reading-and-fitting\读取数据及拟合\读取数据及拟合\release\读取数据及拟合.tlog\cl.command.1.tlog
f:\任务\质点弹道\vs21017\-datas-reading-and-fitting\读取数据及拟合\读取数据及拟合\release\读取数据及拟合.tlog\cl.read.1.tlog
f:\任务\质点弹道\vs21017\-datas-reading-and-fitting\读取数据及拟合\读取数据及拟合\release\读取数据及拟合.tlog\cl.write.1.tlog
f:\任务\质点弹道\vs21017\-datas-reading-and-fitting\读取数据及拟合\读取数据及拟合\release\读取数据及拟合.tlog\link.command.1.tlog
f:\任务\质点弹道\vs21017\-datas-reading-and-fitting\读取数据及拟合\读取数据及拟合\release\读取数据及拟合.tlog\link.read.1.tlog
f:\任务\质点弹道\vs21017\-datas-reading-and-fitting\读取数据及拟合\读取数据及拟合\release\读取数据及拟合.tlog\link.write.1.tlog
f:\任务\质点弹道\vs21017\-datas-reading-and-fitting\读取数据及拟合\读取数据及拟合\release\读取数据及拟合.tlog\读取数据及拟合.write.1u.tlog
